I 2021/12/17 16:11:41 working.go:95: 
      ___                                   ___           ___           ___
     /  /\        ___           ___        /__/\         /  /\         /__/\
    /  /:/_      /  /\         /__/|       \  \:\       /  /::\        \  \:\
   /  /:/ /\    /  /:/        |  |:|        \  \:\     /  /:/\:\        \  \:\
  /  /:/ /::\  /__/::\        |  |:|    ___  \  \:\   /  /:/~/::\   _____\__\:\
 /__/:/ /:/\:\ \__\/\:\__   __|__|:|   /__/\  \__\:\ /__/:/ /:/\:\ /__/::::::::\
 \  \:\/:/~/:/    \  \:\/\ /__/::::\   \  \:\ /  /:/ \  \:\/:/__\/ \  \:\~~\~~\/
  \  \::/ /:/      \__\::/    ~\~~\:\   \  \:\  /:/   \  \::/       \  \:\  ~~~
   \__\/ /:/       /__/:/       \  \:\   \  \:\/:/     \  \:\        \  \:\
     /__/:/        \__\/         \__\/    \  \::/       \  \:\        \  \:\
     \__\/                                 \__\/         \__\/         \__\/
I 2021/12/17 16:11:43 runtime.go:57: kernel is booting:
    * ver [1.5.4]
    * arch [amd64]
    * runtime mode [prod]
    * working directory [C:\Program Files\SiYuan\resources]
    * read only [false]
    * container [std]
    * database [ver=20211124]
    * workspace directory [F:\Josh_Markdown, data 20 kB]
    * rsync [version 3.2.4dev  protocol version 31]
    * pandoc [pandoc.exe 2.13]
D 2021/12/17 16:11:43 conf.go:108: initialized language [zh_CN] based on device locale
I 2021/12/17 16:11:43 conf.go:257: local serve path [http://192.168.56.1:6806]
I 2021/12/17 16:11:43 serve.go:68: kernel is booting [http://127.0.0.1:6806]
I 2021/12/17 16:11:43 database.go:140: initialized database tables
I 2021/12/17 16:11:43 database.go:94: reinitialized database [F:\Josh_Markdown\temp\siyuan.db]
I 2021/12/17 16:11:43 conf.go:507: pre-init database size [66 kB]
I 2021/12/17 16:11:43 conf.go:523: post-init database size [66 kB], tree stat [count=0, size=0 B]
I 2021/12/17 16:11:44 working.go:113: kernel booted
I 2021/12/17 16:14:47 index.go:416: rebuilt database for notebook [20211217161447-gm3tylg] in [0.00s], tree stat [count=0, size=0 B]
I 2021/12/17 16:15:37 index.go:416: rebuilt database for notebook [20211217161537-movp6tu] in [0.00s], tree stat [count=0, size=0 B]
I 2021/12/17 16:15:50 index.go:416: rebuilt database for notebook [20211217161537-movp6tu] in [0.01s], tree stat [count=4, size=198 kB]
I 2021/12/17 16:56:16 index.go:416: rebuilt database for notebook [20211217165616-u77199s] in [0.00s], tree stat [count=0, size=0 B]
I 2021/12/17 17:22:44 conf.go:359: exited kernel
I 2021/12/17 17:22:50 working.go:95: 
      ___                                   ___           ___           ___
     /  /\        ___           ___        /__/\         /  /\         /__/\
    /  /:/_      /  /\         /__/|       \  \:\       /  /::\        \  \:\
   /  /:/ /\    /  /:/        |  |:|        \  \:\     /  /:/\:\        \  \:\
  /  /:/ /::\  /__/::\        |  |:|    ___  \  \:\   /  /:/~/::\   _____\__\:\
 /__/:/ /:/\:\ \__\/\:\__   __|__|:|   /__/\  \__\:\ /__/:/ /:/\:\ /__/::::::::\
 \  \:\/:/~/:/    \  \:\/\ /__/::::\   \  \:\ /  /:/ \  \:\/:/__\/ \  \:\~~\~~\/
  \  \::/ /:/      \__\::/    ~\~~\:\   \  \:\  /:/   \  \::/       \  \:\  ~~~
   \__\/ /:/       /__/:/       \  \:\   \  \:\/:/     \  \:\        \  \:\
     /__/:/        \__\/         \__\/    \  \::/       \  \:\        \  \:\
     \__\/                                 \__\/         \__\/         \__\/
I 2021/12/17 17:22:51 runtime.go:57: kernel is booting:
    * ver [1.5.4]
    * arch [amd64]
    * runtime mode [prod]
    * working directory [C:\Program Files\SiYuan\resources]
    * read only [false]
    * container [std]
    * database [ver=20211124]
    * workspace directory [F:\Josh_Markdown, data 1.1 MB]
    * rsync [version 3.2.4dev  protocol version 31]
    * pandoc [pandoc.exe 2.13]
I 2021/12/17 17:22:51 conf.go:257: local serve path [http://192.168.56.1:6806]
I 2021/12/17 17:22:51 serve.go:68: kernel is booting [http://127.0.0.1:6806]
I 2021/12/17 17:22:51 conf.go:507: pre-init database size [410 kB]
I 2021/12/17 17:22:51 index.go:136: use existing database for box [20211217161537-movp6tu]
I 2021/12/17 17:22:51 index.go:136: use existing database for box [20211217165616-u77199s]
I 2021/12/17 17:22:51 conf.go:523: post-init database size [410 kB], tree stat [count=9, size=268 kB]
I 2021/12/17 17:22:52 working.go:113: kernel booted
E 2021/12/17 17:44:03 transaction.go:678: load tree [id=20211217174004-8v8dxfk] failed: block not found
I 2021/12/17 17:44:07 index.go:416: rebuilt database for notebook [20211217161537-movp6tu] in [0.02s], tree stat [count=9, size=270 kB]
I 2021/12/17 17:44:07 index.go:416: rebuilt database for notebook [20211217165616-u77199s] in [0.00s], tree stat [count=6, size=2.2 kB]
I 2021/12/17 17:50:53 index.go:416: rebuilt database for notebook [20210808180117-czj9bvb] in [0.08s], tree stat [count=46, size=886 kB]
I 2021/12/17 17:57:04 index.go:416: rebuilt database for notebook [20211217161537-movp6tu] in [0.02s], tree stat [count=9, size=295 kB]
E 2021/12/17 22:22:56 rhy.go:42: get version meta info failed: [Get "https://rhythm.b3log.org/version/siyuan?ver=1.5.4": dial tcp: lookup rhythm.b3log.org: no such host]
I 2021/12/17 23:38:37 index.go:416: rebuilt database for notebook [20210808180117-czj9bvb] in [0.11s], tree stat [count=46, size=886 kB]
I 2021/12/17 23:43:20 index.go:416: rebuilt database for notebook [20210808180117-czj9bvb] in [0.12s], tree stat [count=46, size=886 kB]
I 2021/12/17 23:43:20 index.go:416: rebuilt database for notebook [20211217161537-movp6tu] in [0.03s], tree stat [count=10, size=264 kB]
I 2021/12/17 23:43:20 index.go:416: rebuilt database for notebook [20211217165616-u77199s] in [0.00s], tree stat [count=7, size=2.5 kB]
I 2021/12/17 23:49:09 conf.go:359: exited kernel
I 2021/12/17 23:56:15 working.go:95: 
      ___                                   ___           ___           ___
     /  /\        ___           ___        /__/\         /  /\         /__/\
    /  /:/_      /  /\         /__/|       \  \:\       /  /::\        \  \:\
   /  /:/ /\    /  /:/        |  |:|        \  \:\     /  /:/\:\        \  \:\
  /  /:/ /::\  /__/::\        |  |:|    ___  \  \:\   /  /:/~/::\   _____\__\:\
 /__/:/ /:/\:\ \__\/\:\__   __|__|:|   /__/\  \__\:\ /__/:/ /:/\:\ /__/::::::::\
 \  \:\/:/~/:/    \  \:\/\ /__/::::\   \  \:\ /  /:/ \  \:\/:/__\/ \  \:\~~\~~\/
  \  \::/ /:/      \__\::/    ~\~~\:\   \  \:\  /:/   \  \::/       \  \:\  ~~~
   \__\/ /:/       /__/:/       \  \:\   \  \:\/:/     \  \:\        \  \:\
     /__/:/        \__\/         \__\/    \  \::/       \  \:\        \  \:\
     \__\/                                 \__\/         \__\/         \__\/
I 2021/12/17 23:56:17 runtime.go:57: kernel is booting:
    * ver [1.5.4]
    * arch [amd64]
    * runtime mode [prod]
    * working directory [C:\Program Files\SiYuan\resources]
    * read only [false]
    * container [std]
    * database [ver=20211124]
    * workspace directory [F:\Josh_Markdown, data 16 MB]
    * rsync [version 3.2.4dev  protocol version 31]
    * pandoc [pandoc.exe 2.13]
I 2021/12/17 23:56:17 conf.go:257: local serve path [http://192.168.0.109:6806]
I 2021/12/17 23:56:17 serve.go:68: kernel is booting [http://127.0.0.1:6806]
I 2021/12/17 23:56:17 conf.go:507: pre-init database size [1.3 MB]
I 2021/12/17 23:56:17 index.go:136: use existing database for box [20210808180117-czj9bvb]
I 2021/12/17 23:56:17 index.go:136: use existing database for box [20211217161537-movp6tu]
I 2021/12/17 23:56:17 index.go:136: use existing database for box [20211217165616-u77199s]
I 2021/12/17 23:56:17 conf.go:523: post-init database size [1.3 MB], tree stat [count=63, size=1.2 MB]
I 2021/12/17 23:56:18 working.go:113: kernel booted
I 2021/12/17 23:58:04 conf.go:359: exited kernel
I 2021/12/18 22:36:36 working.go:95: 
      ___                                   ___           ___           ___
     /  /\        ___           ___        /__/\         /  /\         /__/\
    /  /:/_      /  /\         /__/|       \  \:\       /  /::\        \  \:\
   /  /:/ /\    /  /:/        |  |:|        \  \:\     /  /:/\:\        \  \:\
  /  /:/ /::\  /__/::\        |  |:|    ___  \  \:\   /  /:/~/::\   _____\__\:\
 /__/:/ /:/\:\ \__\/\:\__   __|__|:|   /__/\  \__\:\ /__/:/ /:/\:\ /__/::::::::\
 \  \:\/:/~/:/    \  \:\/\ /__/::::\   \  \:\ /  /:/ \  \:\/:/__\/ \  \:\~~\~~\/
  \  \::/ /:/      \__\::/    ~\~~\:\   \  \:\  /:/   \  \::/       \  \:\  ~~~
   \__\/ /:/       /__/:/       \  \:\   \  \:\/:/     \  \:\        \  \:\
     /__/:/        \__\/         \__\/    \  \::/       \  \:\        \  \:\
     \__\/                                 \__\/         \__\/         \__\/
I 2021/12/18 22:36:39 runtime.go:57: kernel is booting:
    * ver [1.5.4]
    * arch [amd64]
    * runtime mode [prod]
    * working directory [C:\Program Files\SiYuan\resources]
    * read only [false]
    * container [std]
    * database [ver=20211124]
    * workspace directory [F:\Josh_Markdown, data 16 MB]
    * rsync [version 3.2.4dev  protocol version 31]
    * pandoc [pandoc.exe 2.13]
I 2021/12/18 22:36:39 conf.go:257: local serve path [http://192.168.0.109:6806]
I 2021/12/18 22:36:39 serve.go:68: kernel is booting [http://127.0.0.1:6806]
I 2021/12/18 22:36:40 conf.go:507: pre-init database size [1.3 MB]
I 2021/12/18 22:36:40 index.go:136: use existing database for box [20210808180117-czj9bvb]
I 2021/12/18 22:36:40 index.go:136: use existing database for box [20211217161537-movp6tu]
I 2021/12/18 22:36:40 index.go:136: use existing database for box [20211217165616-u77199s]
I 2021/12/18 22:36:40 conf.go:523: post-init database size [1.3 MB], tree stat [count=63, size=1.2 MB]
I 2021/12/18 22:36:41 working.go:113: kernel booted
I 2021/12/18 22:53:46 index.go:416: rebuilt database for notebook [20211218225346-xp0ksoo] in [0.00s], tree stat [count=0, size=0 B]
E 2021/12/18 23:01:52 block_query.go:491: query scan field failed: sql: Rows are closed
I 2021/12/18 23:07:47 index.go:416: rebuilt database for notebook [20211218230747-88wsl35] in [0.00s], tree stat [count=0, size=0 B]
I 2021/12/18 23:17:31 index.go:416: rebuilt database for notebook [20210808180117-czj9bvb] in [0.08s], tree stat [count=46, size=886 kB]
I 2021/12/18 23:17:31 index.go:416: rebuilt database for notebook [20211217161537-movp6tu] in [0.02s], tree stat [count=10, size=264 kB]
I 2021/12/18 23:17:31 index.go:416: rebuilt database for notebook [20211218225346-xp0ksoo] in [0.03s], tree stat [count=8, size=3.5 kB]
I 2021/12/18 23:17:31 index.go:416: rebuilt database for notebook [20211218230747-88wsl35] in [0.02s], tree stat [count=4, size=1.4 kB]
I 2021/12/18 23:28:09 working.go:95: 
      ___                                   ___           ___           ___
     /  /\        ___           ___        /__/\         /  /\         /__/\
    /  /:/_      /  /\         /__/|       \  \:\       /  /::\        \  \:\
   /  /:/ /\    /  /:/        |  |:|        \  \:\     /  /:/\:\        \  \:\
  /  /:/ /::\  /__/::\        |  |:|    ___  \  \:\   /  /:/~/::\   _____\__\:\
 /__/:/ /:/\:\ \__\/\:\__   __|__|:|   /__/\  \__\:\ /__/:/ /:/\:\ /__/::::::::\
 \  \:\/:/~/:/    \  \:\/\ /__/::::\   \  \:\ /  /:/ \  \:\/:/__\/ \  \:\~~\~~\/
  \  \::/ /:/      \__\::/    ~\~~\:\   \  \:\  /:/   \  \::/       \  \:\  ~~~
   \__\/ /:/       /__/:/       \  \:\   \  \:\/:/     \  \:\        \  \:\
     /__/:/        \__\/         \__\/    \  \::/       \  \:\        \  \:\
     \__\/                                 \__\/         \__\/         \__\/
I 2021/12/18 23:28:10 runtime.go:57: kernel is booting:
    * ver [1.5.4]
    * arch [amd64]
    * runtime mode [prod]
    * working directory [C:\Program Files\SiYuan\resources]
    * read only [false]
    * container [std]
    * database [ver=20211124]
    * workspace directory [F:\Josh_Markdown, data 16 MB]
    * rsync [version 3.2.4dev  protocol version 31]
    * pandoc [pandoc.exe 2.13]
I 2021/12/18 23:28:10 conf.go:257: local serve path [http://192.168.0.109:6806]
I 2021/12/18 23:28:10 serve.go:68: kernel is booting [http://127.0.0.1:6806]
I 2021/12/18 23:28:10 conf.go:507: pre-init database size [1.3 MB]
I 2021/12/18 23:28:10 index.go:136: use existing database for box [20210808180117-czj9bvb]
I 2021/12/18 23:28:10 index.go:136: use existing database for box [20211217161537-movp6tu]
I 2021/12/18 23:28:10 index.go:136: use existing database for box [20211218225346-xp0ksoo]
I 2021/12/18 23:28:10 index.go:136: use existing database for box [20211218230747-88wsl35]
I 2021/12/18 23:28:10 conf.go:523: post-init database size [1.3 MB], tree stat [count=72, size=1.2 MB]
I 2021/12/18 23:28:11 working.go:113: kernel booted
I 2021/12/19 00:50:54 assets.go:237: copied unused asset from [F:\Josh_Markdown\data\assets\image-20211217173819-sxh78l2.png] to [F:\Josh_Markdown\data\assets\.siyuan\history\2021-12-19-005054-delete\assets\image-20211217173819-sxh78l2.png]
I 2021/12/19 00:50:54 assets.go:237: copied unused asset from [F:\Josh_Markdown\data\assets\【365约车-28.31元-1个行程】高德打车电子发票-20211219000937-x7imdiq.pdf] to [F:\Josh_Markdown\data\assets\.siyuan\history\2021-12-19-005054-delete\assets\【365约车-28.31元-1个行程】高德打车电子发票-20211219000937-x7imdiq.pdf]
I 2021/12/19 00:50:54 assets.go:237: copied unused asset from [F:\Josh_Markdown\data\assets\【AA出行-61.65元-3个行程】高德打车电子行程单-20211219000958-6ziorgk.pdf] to [F:\Josh_Markdown\data\assets\.siyuan\history\2021-12-19-005054-delete\assets\【AA出行-61.65元-3个行程】高德打车电子行程单-20211219000958-6ziorgk.pdf]
I 2021/12/19 01:51:46 assets.go:237: copied unused asset from [F:\Josh_Markdown\data\assets\6、mybatis初始化与执行sql过程-20211219015125-ktdg0ks.xmind] to [F:\Josh_Markdown\data\assets\.siyuan\history\2021-12-19-015146-delete\assets\6、mybatis初始化与执行sql过程-20211219015125-ktdg0ks.xmind]
I 2021/12/19 01:53:13 conf.go:359: exited kernel
I 2021/12/19 01:54:20 working.go:95: 
      ___                                   ___           ___           ___
     /  /\        ___           ___        /__/\         /  /\         /__/\
    /  /:/_      /  /\         /__/|       \  \:\       /  /::\        \  \:\
   /  /:/ /\    /  /:/        |  |:|        \  \:\     /  /:/\:\        \  \:\
  /  /:/ /::\  /__/::\        |  |:|    ___  \  \:\   /  /:/~/::\   _____\__\:\
 /__/:/ /:/\:\ \__\/\:\__   __|__|:|   /__/\  \__\:\ /__/:/ /:/\:\ /__/::::::::\
 \  \:\/:/~/:/    \  \:\/\ /__/::::\   \  \:\ /  /:/ \  \:\/:/__\/ \  \:\~~\~~\/
  \  \::/ /:/      \__\::/    ~\~~\:\   \  \:\  /:/   \  \::/       \  \:\  ~~~
   \__\/ /:/       /__/:/       \  \:\   \  \:\/:/     \  \:\        \  \:\
     /__/:/        \__\/         \__\/    \  \::/       \  \:\        \  \:\
     \__\/                                 \__\/         \__\/         \__\/
I 2021/12/19 01:54:21 runtime.go:57: kernel is booting:
    * ver [1.5.4]
    * arch [amd64]
    * runtime mode [prod]
    * working directory [C:\Program Files\SiYuan\resources]
    * read only [false]
    * container [std]
    * database [ver=20211124]
    * workspace directory [F:\Josh_Markdown, data 18 MB]
    * rsync [version 3.2.4dev  protocol version 31]
    * pandoc [pandoc.exe 2.13]
I 2021/12/19 01:54:21 conf.go:257: local serve path [http://192.168.0.109:6806]
I 2021/12/19 01:54:21 serve.go:68: kernel is booting [http://127.0.0.1:6806]
I 2021/12/19 01:54:21 conf.go:507: pre-init database size [1.4 MB]
I 2021/12/19 01:54:21 index.go:136: use existing database for box [20210808180117-czj9bvb]
I 2021/12/19 01:54:21 index.go:136: use existing database for box [20211217161537-movp6tu]
I 2021/12/19 01:54:21 index.go:136: use existing database for box [20211218225346-xp0ksoo]
I 2021/12/19 01:54:21 box.go:525: fix legacy tree [20211218230747-88wsl35/20211219011545-nkxxugh/20211219011600-o59wnee.sy]
I 2021/12/19 01:54:21 index.go:136: use existing database for box [20211218230747-88wsl35]
I 2021/12/19 01:54:21 conf.go:523: post-init database size [1.4 MB], tree stat [count=79, size=1.3 MB]
I 2021/12/19 01:54:22 working.go:113: kernel booted
I 2021/12/19 08:53:28 working.go:95: 
      ___                                   ___           ___           ___
     /  /\        ___           ___        /__/\         /  /\         /__/\
    /  /:/_      /  /\         /__/|       \  \:\       /  /::\        \  \:\
   /  /:/ /\    /  /:/        |  |:|        \  \:\     /  /:/\:\        \  \:\
  /  /:/ /::\  /__/::\        |  |:|    ___  \  \:\   /  /:/~/::\   _____\__\:\
 /__/:/ /:/\:\ \__\/\:\__   __|__|:|   /__/\  \__\:\ /__/:/ /:/\:\ /__/::::::::\
 \  \:\/:/~/:/    \  \:\/\ /__/::::\   \  \:\ /  /:/ \  \:\/:/__\/ \  \:\~~\~~\/
  \  \::/ /:/      \__\::/    ~\~~\:\   \  \:\  /:/   \  \::/       \  \:\  ~~~
   \__\/ /:/       /__/:/       \  \:\   \  \:\/:/     \  \:\        \  \:\
     /__/:/        \__\/         \__\/    \  \::/       \  \:\        \  \:\
     \__\/                                 \__\/         \__\/         \__\/
I 2021/12/19 08:53:32 runtime.go:57: kernel is booting:
    * ver [1.5.4]
    * arch [amd64]
    * runtime mode [prod]
    * working directory [C:\Program Files\SiYuan\resources]
    * read only [false]
    * container [std]
    * database [ver=20211124]
    * workspace directory [F:\Josh_Markdown, data 18 MB]
    * rsync [version 3.2.4dev  protocol version 31]
    * pandoc [pandoc.exe 2.13]
I 2021/12/19 08:53:32 conf.go:257: local serve path [http://192.168.0.109:6806]
I 2021/12/19 08:53:32 serve.go:68: kernel is booting [http://127.0.0.1:6806]
I 2021/12/19 08:53:32 conf.go:507: pre-init database size [1.4 MB]
I 2021/12/19 08:53:32 index.go:136: use existing database for box [20210808180117-czj9bvb]
I 2021/12/19 08:53:32 index.go:136: use existing database for box [20211217161537-movp6tu]
I 2021/12/19 08:53:32 index.go:136: use existing database for box [20211218225346-xp0ksoo]
I 2021/12/19 08:53:32 index.go:136: use existing database for box [20211218230747-88wsl35]
I 2021/12/19 08:53:32 conf.go:523: post-init database size [1.4 MB], tree stat [count=80, size=1.3 MB]
I 2021/12/19 08:53:33 working.go:113: kernel booted
I 2021/12/19 13:35:15 conf.go:359: exited kernel
I 2021/12/19 16:46:24 working.go:95: 
      ___                                   ___           ___           ___
     /  /\        ___           ___        /__/\         /  /\         /__/\
    /  /:/_      /  /\         /__/|       \  \:\       /  /::\        \  \:\
   /  /:/ /\    /  /:/        |  |:|        \  \:\     /  /:/\:\        \  \:\
  /  /:/ /::\  /__/::\        |  |:|    ___  \  \:\   /  /:/~/::\   _____\__\:\
 /__/:/ /:/\:\ \__\/\:\__   __|__|:|   /__/\  \__\:\ /__/:/ /:/\:\ /__/::::::::\
 \  \:\/:/~/:/    \  \:\/\ /__/::::\   \  \:\ /  /:/ \  \:\/:/__\/ \  \:\~~\~~\/
  \  \::/ /:/      \__\::/    ~\~~\:\   \  \:\  /:/   \  \::/       \  \:\  ~~~
   \__\/ /:/       /__/:/       \  \:\   \  \:\/:/     \  \:\        \  \:\
     /__/:/        \__\/         \__\/    \  \::/       \  \:\        \  \:\
     \__\/                                 \__\/         \__\/         \__\/
I 2021/12/19 16:46:30 runtime.go:57: kernel is booting:
    * ver [1.5.4]
    * arch [amd64]
    * runtime mode [prod]
    * working directory [C:\Program Files\SiYuan\resources]
    * read only [false]
    * container [std]
    * database [ver=20211124]
    * workspace directory [F:\Josh_Markdown, data 24 MB]
    * rsync [version 3.2.4dev  protocol version 31]
    * pandoc [pandoc.exe 2.13]
I 2021/12/19 16:46:30 conf.go:257: local serve path [http://192.168.0.109:6806]
I 2021/12/19 16:46:30 serve.go:68: kernel is booting [http://127.0.0.1:6806]
I 2021/12/19 16:46:30 conf.go:507: pre-init database size [1.7 MB]
I 2021/12/19 16:46:30 index.go:136: use existing database for box [20210808180117-czj9bvb]
I 2021/12/19 16:46:30 index.go:136: use existing database for box [20211217161537-movp6tu]
I 2021/12/19 16:46:30 index.go:136: use existing database for box [20211218225346-xp0ksoo]
I 2021/12/19 16:46:31 box.go:525: fix legacy tree [20211218230747-88wsl35/20211218230819-35pux9e/20211219090050-1c5s03c/20211219123046-zwr8fvn.sy]
I 2021/12/19 16:46:32 index.go:136: use existing database for box [20211218230747-88wsl35]
I 2021/12/19 16:46:32 conf.go:523: post-init database size [1.7 MB], tree stat [count=86, size=1.5 MB]
I 2021/12/19 16:46:33 working.go:113: kernel booted
I 2021/12/19 17:07:34 index.go:416: rebuilt database for notebook [20210808180117-czj9bvb] in [0.08s], tree stat [count=46, size=886 kB]
I 2021/12/19 17:44:07 index.go:416: rebuilt database for notebook [20210808180117-czj9bvb] in [0.08s], tree stat [count=46, size=886 kB]
I 2021/12/20 09:19:09 working.go:95: 
      ___                                   ___           ___           ___
     /  /\        ___           ___        /__/\         /  /\         /__/\
    /  /:/_      /  /\         /__/|       \  \:\       /  /::\        \  \:\
   /  /:/ /\    /  /:/        |  |:|        \  \:\     /  /:/\:\        \  \:\
  /  /:/ /::\  /__/::\        |  |:|    ___  \  \:\   /  /:/~/::\   _____\__\:\
 /__/:/ /:/\:\ \__\/\:\__   __|__|:|   /__/\  \__\:\ /__/:/ /:/\:\ /__/::::::::\
 \  \:\/:/~/:/    \  \:\/\ /__/::::\   \  \:\ /  /:/ \  \:\/:/__\/ \  \:\~~\~~\/
  \  \::/ /:/      \__\::/    ~\~~\:\   \  \:\  /:/   \  \::/       \  \:\  ~~~
   \__\/ /:/       /__/:/       \  \:\   \  \:\/:/     \  \:\        \  \:\
     /__/:/        \__\/         \__\/    \  \::/       \  \:\        \  \:\
     \__\/                                 \__\/         \__\/         \__\/
I 2021/12/20 09:19:11 runtime.go:57: kernel is booting:
    * ver [1.5.4]
    * arch [amd64]
    * runtime mode [prod]
    * working directory [C:\Program Files\SiYuan\resources]
    * read only [false]
    * container [std]
    * database [ver=20211124]
    * workspace directory [F:\Josh_Markdown, data 29 MB]
    * rsync [version 3.2.4dev  protocol version 31]
    * pandoc [pandoc.exe 2.13]
I 2021/12/20 09:19:11 conf.go:257: local serve path [http://192.168.56.1:6806]
I 2021/12/20 09:19:11 serve.go:68: kernel is booting [http://127.0.0.1:6806]
I 2021/12/20 09:19:11 conf.go:507: pre-init database size [2.1 MB]
I 2021/12/20 09:19:11 index.go:136: use existing database for box [20210808180117-czj9bvb]
I 2021/12/20 09:19:11 index.go:136: use existing database for box [20211217161537-movp6tu]
I 2021/12/20 09:19:11 index.go:136: use existing database for box [20211218225346-xp0ksoo]
I 2021/12/20 09:19:11 index.go:136: use existing database for box [20211218230747-88wsl35]
I 2021/12/20 09:19:11 conf.go:523: post-init database size [2.1 MB], tree stat [count=88, size=1.9 MB]
I 2021/12/20 09:19:12 working.go:113: kernel booted
I 2021/12/20 10:49:22 assets.go:237: copied unused asset from [F:\Josh_Markdown\data\assets\blockquote-20210512170136-ls06uyh.svg] to [F:\Josh_Markdown\data\assets\.siyuan\history\2021-12-20-104922-delete\assets\blockquote-20210512170136-ls06uyh.svg]
I 2021/12/20 10:49:22 assets.go:237: copied unused asset from [F:\Josh_Markdown\data\assets\code-block-20210512170024-qgn18hs.svg] to [F:\Josh_Markdown\data\assets\.siyuan\history\2021-12-20-104922-delete\assets\code-block-20210512170024-qgn18hs.svg]
I 2021/12/20 10:49:22 assets.go:237: copied unused asset from [F:\Josh_Markdown\data\assets\custom-icon1-20210512172117-vn3htl4.png] to [F:\Josh_Markdown\data\assets\.siyuan\history\2021-12-20-104922-delete\assets\custom-icon1-20210512172117-vn3htl4.png]
I 2021/12/20 10:49:22 assets.go:237: copied unused asset from [F:\Josh_Markdown\data\assets\custom-icon2-20210512172130-tsbpd4f.png] to [F:\Josh_Markdown\data\assets\.siyuan\history\2021-12-20-104922-delete\assets\custom-icon2-20210512172130-tsbpd4f.png]
I 2021/12/20 10:49:22 assets.go:237: copied unused asset from [F:\Josh_Markdown\data\assets\custom-theme1-20210512172221-x541iq1.png] to [F:\Josh_Markdown\data\assets\.siyuan\history\2021-12-20-104922-delete\assets\custom-theme1-20210512172221-x541iq1.png]
I 2021/12/20 10:49:22 assets.go:237: copied unused asset from [F:\Josh_Markdown\data\assets\custom-theme2-20210512172239-pcnzes0.png] to [F:\Josh_Markdown\data\assets\.siyuan\history\2021-12-20-104922-delete\assets\custom-theme2-20210512172239-pcnzes0.png]
I 2021/12/20 10:49:22 assets.go:237: copied unused asset from [F:\Josh_Markdown\data\assets\doc-20210512170149-zsm2gsu.svg] to [F:\Josh_Markdown\data\assets\.siyuan\history\2021-12-20-104922-delete\assets\doc-20210512170149-zsm2gsu.svg]
I 2021/12/20 10:49:22 assets.go:237: copied unused asset from [F:\Josh_Markdown\data\assets\heading-20210512170006-7ugwxnm.svg] to [F:\Josh_Markdown\data\assets\.siyuan\history\2021-12-20-104922-delete\assets\heading-20210512170006-7ugwxnm.svg]
I 2021/12/20 10:49:22 assets.go:237: copied unused asset from [F:\Josh_Markdown\data\assets\list-item-20210512170630-gqje0vb.svg] to [F:\Josh_Markdown\data\assets\.siyuan\history\2021-12-20-104922-delete\assets\list-item-20210512170630-gqje0vb.svg]
I 2021/12/20 10:49:22 assets.go:237: copied unused asset from [F:\Josh_Markdown\data\assets\math-block-20210512170015-9v28ii5.svg] to [F:\Josh_Markdown\data\assets\.siyuan\history\2021-12-20-104922-delete\assets\math-block-20210512170015-9v28ii5.svg]
I 2021/12/20 10:49:22 assets.go:237: copied unused asset from [F:\Josh_Markdown\data\assets\ordered-list-20210512170847-z5581gd.svg] to [F:\Josh_Markdown\data\assets\.siyuan\history\2021-12-20-104922-delete\assets\ordered-list-20210512170847-z5581gd.svg]
I 2021/12/20 10:49:22 assets.go:237: copied unused asset from [F:\Josh_Markdown\data\assets\paragraph-20210512165953-ag1nib4.svg] to [F:\Josh_Markdown\data\assets\.siyuan\history\2021-12-20-104922-delete\assets\paragraph-20210512165953-ag1nib4.svg]
I 2021/12/20 10:49:22 assets.go:237: copied unused asset from [F:\Josh_Markdown\data\assets\record1623120470117-20210608104750-2thv5m5.wav] to [F:\Josh_Markdown\data\assets\.siyuan\history\2021-12-20-104922-delete\assets\record1623120470117-20210608104750-2thv5m5.wav]
I 2021/12/20 10:49:22 assets.go:237: copied unused asset from [F:\Josh_Markdown\data\assets\siyuan-128-20210604092205-djd749a.png] to [F:\Josh_Markdown\data\assets\.siyuan\history\2021-12-20-104922-delete\assets\siyuan-128-20210604092205-djd749a.png]
I 2021/12/20 10:49:22 assets.go:237: copied unused asset from [F:\Josh_Markdown\data\assets\super-block-20210512170142-uewen14.svg] to [F:\Josh_Markdown\data\assets\.siyuan\history\2021-12-20-104922-delete\assets\super-block-20210512170142-uewen14.svg]
I 2021/12/20 10:49:22 assets.go:237: copied unused asset from [F:\Josh_Markdown\data\assets\table-20210512170035-432ty41.svg] to [F:\Josh_Markdown\data\assets\.siyuan\history\2021-12-20-104922-delete\assets\table-20210512170035-432ty41.svg]
I 2021/12/20 10:49:22 assets.go:237: copied unused asset from [F:\Josh_Markdown\data\assets\task-list-20210512170054-a0a7p2u.svg] to [F:\Josh_Markdown\data\assets\.siyuan\history\2021-12-20-104922-delete\assets\task-list-20210512170054-a0a7p2u.svg]
I 2021/12/20 10:49:22 assets.go:237: copied unused asset from [F:\Josh_Markdown\data\assets\unordered-list-20210512170043-8dzzwai.svg] to [F:\Josh_Markdown\data\assets\.siyuan\history\2021-12-20-104922-delete\assets\unordered-list-20210512170043-8dzzwai.svg]
E 2021/12/20 23:17:56 rhy.go:42: get version meta info failed: [Get "https://rhythm.b3log.org/version/siyuan?ver=1.5.4": dial tcp: lookup rhythm.b3log.org: no such host]
E 2021/12/20 23:20:42 theme.go:69: get community theme [royc01/notion-theme@d9cc77e1c355de753b5a01c1effa61d060f38eeb] failed: [Get "https://cdn.jsdelivr.net/gh/royc01/notion-theme@d9cc77e1c355de753b5a01c1effa61d060f38eeb/theme.json": context deadline exceeded (Client.Timeout exceeded while awaiting headers)]
I 2021/12/20 23:21:14 conf.go:359: exited kernel
I 2021/12/20 23:22:14 working.go:95: 
      ___                                   ___           ___           ___
     /  /\        ___           ___        /__/\         /  /\         /__/\
    /  /:/_      /  /\         /__/|       \  \:\       /  /::\        \  \:\
   /  /:/ /\    /  /:/        |  |:|        \  \:\     /  /:/\:\        \  \:\
  /  /:/ /::\  /__/::\        |  |:|    ___  \  \:\   /  /:/~/::\   _____\__\:\
 /__/:/ /:/\:\ \__\/\:\__   __|__|:|   /__/\  \__\:\ /__/:/ /:/\:\ /__/::::::::\
 \  \:\/:/~/:/    \  \:\/\ /__/::::\   \  \:\ /  /:/ \  \:\/:/__\/ \  \:\~~\~~\/
  \  \::/ /:/      \__\::/    ~\~~\:\   \  \:\  /:/   \  \::/       \  \:\  ~~~
   \__\/ /:/       /__/:/       \  \:\   \  \:\/:/     \  \:\        \  \:\
     /__/:/        \__\/         \__\/    \  \::/       \  \:\        \  \:\
     \__\/                                 \__\/         \__\/         \__\/
I 2021/12/20 23:22:15 runtime.go:57: kernel is booting:
    * ver [1.5.4]
    * arch [amd64]
    * runtime mode [prod]
    * working directory [C:\Program Files\SiYuan\resources]
    * read only [false]
    * container [std]
    * database [ver=20211124]
    * workspace directory [F:\Josh_Markdown, data 29 MB]
    * rsync [version 3.2.4dev  protocol version 31]
    * pandoc [pandoc.exe 2.13]
I 2021/12/20 23:22:15 conf.go:257: local serve path [http://192.168.0.109:6806]
I 2021/12/20 23:22:15 serve.go:68: kernel is booting [http://127.0.0.1:6806]
I 2021/12/20 23:22:15 conf.go:507: pre-init database size [950 kB]
I 2021/12/20 23:22:15 index.go:136: use existing database for box [20211217161537-movp6tu]
I 2021/12/20 23:22:15 index.go:136: use existing database for box [20211218225346-xp0ksoo]
I 2021/12/20 23:22:15 index.go:136: use existing database for box [20211218230747-88wsl35]
I 2021/12/20 23:22:15 conf.go:523: post-init database size [950 kB], tree stat [count=37, size=762 kB]
I 2021/12/20 23:22:16 working.go:113: kernel booted
I 2021/12/21 09:12:40 working.go:95: 
      ___                                   ___           ___           ___
     /  /\        ___           ___        /__/\         /  /\         /__/\
    /  /:/_      /  /\         /__/|       \  \:\       /  /::\        \  \:\
   /  /:/ /\    /  /:/        |  |:|        \  \:\     /  /:/\:\        \  \:\
  /  /:/ /::\  /__/::\        |  |:|    ___  \  \:\   /  /:/~/::\   _____\__\:\
 /__/:/ /:/\:\ \__\/\:\__   __|__|:|   /__/\  \__\:\ /__/:/ /:/\:\ /__/::::::::\
 \  \:\/:/~/:/    \  \:\/\ /__/::::\   \  \:\ /  /:/ \  \:\/:/__\/ \  \:\~~\~~\/
  \  \::/ /:/      \__\::/    ~\~~\:\   \  \:\  /:/   \  \::/       \  \:\  ~~~
   \__\/ /:/       /__/:/       \  \:\   \  \:\/:/     \  \:\        \  \:\
     /__/:/        \__\/         \__\/    \  \::/       \  \:\        \  \:\
     \__\/                                 \__\/         \__\/         \__\/
I 2021/12/21 09:12:44 runtime.go:57: kernel is booting:
    * ver [1.5.4]
    * arch [amd64]
    * runtime mode [prod]
    * working directory [C:\Program Files\SiYuan\resources]
    * read only [false]
    * container [std]
    * database [ver=20211124]
    * workspace directory [F:\Josh_Markdown, data 29 MB]
    * rsync [version 3.2.4dev  protocol version 31]
    * pandoc [pandoc.exe 2.13]
I 2021/12/21 09:12:44 conf.go:257: local serve path [http://192.168.56.1:6806]
I 2021/12/21 09:12:44 serve.go:68: kernel is booting [http://127.0.0.1:6806]
I 2021/12/21 09:12:44 conf.go:507: pre-init database size [950 kB]
I 2021/12/21 09:12:44 index.go:136: use existing database for box [20211217161537-movp6tu]
I 2021/12/21 09:12:44 index.go:136: use existing database for box [20211218225346-xp0ksoo]
I 2021/12/21 09:12:44 index.go:136: use existing database for box [20211218230747-88wsl35]
I 2021/12/21 09:12:44 conf.go:523: post-init database size [950 kB], tree stat [count=37, size=762 kB]
I 2021/12/21 09:12:45 working.go:113: kernel booted
E 2021/12/21 09:14:24 theme.go:69: get community theme [Morganwan90/Darkblue-siyuan-theme@0cf8f1a86c3bb1d06734657571eafc856502f6d2] failed: [Get "https://cdn.jsdelivr.net/gh/Morganwan90/Darkblue-siyuan-theme@0cf8f1a86c3bb1d06734657571eafc856502f6d2/theme.json": context deadline exceeded (Client.Timeout exceeded while awaiting headers)]
E 2021/12/21 22:28:15 rhy.go:42: get version meta info failed: [Get "https://rhythm.b3log.org/version/siyuan?ver=1.5.4": dial tcp: lookup rhythm.b3log.org: no such host]
I 2021/12/22 09:18:53 working.go:95: 
      ___                                   ___           ___           ___
     /  /\        ___           ___        /__/\         /  /\         /__/\
    /  /:/_      /  /\         /__/|       \  \:\       /  /::\        \  \:\
   /  /:/ /\    /  /:/        |  |:|        \  \:\     /  /:/\:\        \  \:\
  /  /:/ /::\  /__/::\        |  |:|    ___  \  \:\   /  /:/~/::\   _____\__\:\
 /__/:/ /:/\:\ \__\/\:\__   __|__|:|   /__/\  \__\:\ /__/:/ /:/\:\ /__/::::::::\
 \  \:\/:/~/:/    \  \:\/\ /__/::::\   \  \:\ /  /:/ \  \:\/:/__\/ \  \:\~~\~~\/
  \  \::/ /:/      \__\::/    ~\~~\:\   \  \:\  /:/   \  \::/       \  \:\  ~~~
   \__\/ /:/       /__/:/       \  \:\   \  \:\/:/     \  \:\        \  \:\
     /__/:/        \__\/         \__\/    \  \::/       \  \:\        \  \:\
     \__\/                                 \__\/         \__\/         \__\/
I 2021/12/22 09:18:58 runtime.go:57: kernel is booting:
    * ver [1.5.4]
    * arch [amd64]
    * runtime mode [prod]
    * working directory [C:\Program Files\SiYuan\resources]
    * read only [false]
    * container [std]
    * database [ver=20211124]
    * workspace directory [F:\Josh_Markdown, data 29 MB]
    * rsync [version 3.2.4dev  protocol version 31]
    * pandoc [pandoc.exe 2.13]
I 2021/12/22 09:18:58 conf.go:257: local serve path [http://192.168.56.1:6806]
I 2021/12/22 09:18:58 serve.go:68: kernel is booting [http://127.0.0.1:6806]
I 2021/12/22 09:18:58 conf.go:507: pre-init database size [950 kB]
I 2021/12/22 09:18:58 index.go:136: use existing database for box [20211217161537-movp6tu]
I 2021/12/22 09:18:58 index.go:136: use existing database for box [20211218225346-xp0ksoo]
I 2021/12/22 09:18:58 index.go:136: use existing database for box [20211218230747-88wsl35]
I 2021/12/22 09:18:58 conf.go:523: post-init database size [950 kB], tree stat [count=38, size=768 kB]
I 2021/12/22 09:18:59 working.go:113: kernel booted
I 2021/12/22 14:53:55 index.go:416: rebuilt database for notebook [20211222145355-of875iy] in [0.00s], tree stat [count=0, size=0 B]
E 2021/12/22 21:33:23 rhy.go:42: get version meta info failed: [Get "https://rhythm.b3log.org/version/siyuan?ver=1.5.4": dial tcp: lookup rhythm.b3log.org: no such host]
I 2021/12/22 22:35:14 conf.go:359: exited kernel
I 2021/12/22 23:36:42 working.go:95: 
      ___                                   ___           ___           ___
     /  /\        ___           ___        /__/\         /  /\         /__/\
    /  /:/_      /  /\         /__/|       \  \:\       /  /::\        \  \:\
   /  /:/ /\    /  /:/        |  |:|        \  \:\     /  /:/\:\        \  \:\
  /  /:/ /::\  /__/::\        |  |:|    ___  \  \:\   /  /:/~/::\   _____\__\:\
 /__/:/ /:/\:\ \__\/\:\__   __|__|:|   /__/\  \__\:\ /__/:/ /:/\:\ /__/::::::::\
 \  \:\/:/~/:/    \  \:\/\ /__/::::\   \  \:\ /  /:/ \  \:\/:/__\/ \  \:\~~\~~\/
  \  \::/ /:/      \__\::/    ~\~~\:\   \  \:\  /:/   \  \::/       \  \:\  ~~~
   \__\/ /:/       /__/:/       \  \:\   \  \:\/:/     \  \:\        \  \:\
     /__/:/        \__\/         \__\/    \  \::/       \  \:\        \  \:\
     \__\/                                 \__\/         \__\/         \__\/
I 2021/12/22 23:36:44 runtime.go:57: kernel is booting:
    * ver [1.5.4]
    * arch [amd64]
    * runtime mode [prod]
    * working directory [C:\Program Files\SiYuan\resources]
    * read only [false]
    * container [std]
    * database [ver=20211124]
    * workspace directory [F:\Josh_Markdown, data 30 MB]
    * rsync [version 3.2.4dev  protocol version 31]
    * pandoc [pandoc.exe 2.13]
I 2021/12/22 23:36:44 conf.go:257: local serve path [http://192.168.0.109:6806]
I 2021/12/22 23:36:44 serve.go:68: kernel is booting [http://127.0.0.1:6806]
I 2021/12/22 23:36:44 conf.go:507: pre-init database size [1.1 MB]
I 2021/12/22 23:36:44 index.go:136: use existing database for box [20211222145355-of875iy]
I 2021/12/22 23:36:44 index.go:136: use existing database for box [20211217161537-movp6tu]
I 2021/12/22 23:36:44 index.go:136: use existing database for box [20211218225346-xp0ksoo]
I 2021/12/22 23:36:44 index.go:136: use existing database for box [20211218230747-88wsl35]
I 2021/12/22 23:36:44 conf.go:523: post-init database size [1.1 MB], tree stat [count=48, size=853 kB]
I 2021/12/22 23:36:45 working.go:113: kernel booted
I 2021/12/23 09:05:42 working.go:95: 
      ___                                   ___           ___           ___
     /  /\        ___           ___        /__/\         /  /\         /__/\
    /  /:/_      /  /\         /__/|       \  \:\       /  /::\        \  \:\
   /  /:/ /\    /  /:/        |  |:|        \  \:\     /  /:/\:\        \  \:\
  /  /:/ /::\  /__/::\        |  |:|    ___  \  \:\   /  /:/~/::\   _____\__\:\
 /__/:/ /:/\:\ \__\/\:\__   __|__|:|   /__/\  \__\:\ /__/:/ /:/\:\ /__/::::::::\
 \  \:\/:/~/:/    \  \:\/\ /__/::::\   \  \:\ /  /:/ \  \:\/:/__\/ \  \:\~~\~~\/
  \  \::/ /:/      \__\::/    ~\~~\:\   \  \:\  /:/   \  \::/       \  \:\  ~~~
   \__\/ /:/       /__/:/       \  \:\   \  \:\/:/     \  \:\        \  \:\
     /__/:/        \__\/         \__\/    \  \::/       \  \:\        \  \:\
     \__\/                                 \__\/         \__\/         \__\/
I 2021/12/23 09:05:46 runtime.go:57: kernel is booting:
    * ver [1.5.4]
    * arch [amd64]
    * runtime mode [prod]
    * working directory [C:\Program Files\SiYuan\resources]
    * read only [false]
    * container [std]
    * database [ver=20211124]
    * workspace directory [F:\Josh_Markdown, data 30 MB]
    * rsync [version 3.2.4dev  protocol version 31]
    * pandoc [pandoc.exe 2.13]
I 2021/12/23 09:05:47 conf.go:257: local serve path [http://192.168.56.1:6806]
I 2021/12/23 09:05:47 serve.go:68: kernel is booting [http://127.0.0.1:6806]
I 2021/12/23 09:05:47 conf.go:507: pre-init database size [1.1 MB]
I 2021/12/23 09:05:47 index.go:136: use existing database for box [20211222145355-of875iy]
I 2021/12/23 09:05:47 index.go:136: use existing database for box [20211217161537-movp6tu]
I 2021/12/23 09:05:47 index.go:136: use existing database for box [20211218225346-xp0ksoo]
I 2021/12/23 09:05:47 index.go:136: use existing database for box [20211218230747-88wsl35]
I 2021/12/23 09:05:47 conf.go:523: post-init database size [1.1 MB], tree stat [count=48, size=853 kB]
I 2021/12/23 09:05:48 working.go:113: kernel booted
I 2021/12/23 09:06:10 index.go:416: rebuilt database for notebook [20211217161537-movp6tu] in [0.00s], tree stat [count=7, size=10 kB]
I 2021/12/23 09:06:10 index.go:416: rebuilt database for notebook [20211222145355-of875iy] in [0.01s], tree stat [count=5, size=58 kB]
I 2021/12/23 09:06:10 index.go:416: rebuilt database for notebook [20211218225346-xp0ksoo] in [0.01s], tree stat [count=12, size=30 kB]
I 2021/12/23 09:06:10 index.go:416: rebuilt database for notebook [20211218230747-88wsl35] in [0.05s], tree stat [count=24, size=754 kB]
E 2021/12/23 14:23:45 block_query.go:491: query scan field failed: sql: transaction has already been committed or rolled back
E 2021/12/23 16:44:23 block.go:246: not found parent
E 2021/12/23 20:54:41 rhy.go:42: get version meta info failed: [Get "https://rhythm.b3log.org/version/siyuan?ver=1.5.4": dial tcp: lookup rhythm.b3log.org: no such host]
I 2021/12/24 09:21:24 working.go:95: 
      ___                                   ___           ___           ___
     /  /\        ___           ___        /__/\         /  /\         /__/\
    /  /:/_      /  /\         /__/|       \  \:\       /  /::\        \  \:\
   /  /:/ /\    /  /:/        |  |:|        \  \:\     /  /:/\:\        \  \:\
  /  /:/ /::\  /__/::\        |  |:|    ___  \  \:\   /  /:/~/::\   _____\__\:\
 /__/:/ /:/\:\ \__\/\:\__   __|__|:|   /__/\  \__\:\ /__/:/ /:/\:\ /__/::::::::\
 \  \:\/:/~/:/    \  \:\/\ /__/::::\   \  \:\ /  /:/ \  \:\/:/__\/ \  \:\~~\~~\/
  \  \::/ /:/      \__\::/    ~\~~\:\   \  \:\  /:/   \  \::/       \  \:\  ~~~
   \__\/ /:/       /__/:/       \  \:\   \  \:\/:/     \  \:\        \  \:\
     /__/:/        \__\/         \__\/    \  \::/       \  \:\        \  \:\
     \__\/                                 \__\/         \__\/         \__\/
I 2021/12/24 09:21:25 runtime.go:57: kernel is booting:
    * ver [1.5.4]
    * arch [amd64]
    * runtime mode [prod]
    * working directory [C:\Program Files\SiYuan\resources]
    * read only [false]
    * container [std]
    * database [ver=20211124]
    * workspace directory [F:\Josh_Markdown, data 31 MB]
    * rsync [version 3.2.4dev  protocol version 31]
    * pandoc [pandoc.exe 2.13]
I 2021/12/24 09:21:25 conf.go:257: local serve path [http://192.168.56.1:6806]
I 2021/12/24 09:21:25 serve.go:68: kernel is booting [http://127.0.0.1:6806]
I 2021/12/24 09:21:25 conf.go:507: pre-init database size [1.3 MB]
I 2021/12/24 09:21:25 index.go:136: use existing database for box [20211217161537-movp6tu]
I 2021/12/24 09:21:25 index.go:136: use existing database for box [20211222145355-of875iy]
I 2021/12/24 09:21:25 index.go:136: use existing database for box [20211218225346-xp0ksoo]
I 2021/12/24 09:21:25 index.go:136: use existing database for box [20211218230747-88wsl35]
I 2021/12/24 09:21:25 conf.go:523: post-init database size [1.3 MB], tree stat [count=60, size=968 kB]
I 2021/12/24 09:21:26 working.go:113: kernel booted
I 2021/12/24 09:21:31 conf.go:359: exited kernel
I 2021/12/24 09:41:39 working.go:95: 
      ___                                   ___           ___           ___
     /  /\        ___           ___        /__/\         /  /\         /__/\
    /  /:/_      /  /\         /__/|       \  \:\       /  /::\        \  \:\
   /  /:/ /\    /  /:/        |  |:|        \  \:\     /  /:/\:\        \  \:\
  /  /:/ /::\  /__/::\        |  |:|    ___  \  \:\   /  /:/~/::\   _____\__\:\
 /__/:/ /:/\:\ \__\/\:\__   __|__|:|   /__/\  \__\:\ /__/:/ /:/\:\ /__/::::::::\
 \  \:\/:/~/:/    \  \:\/\ /__/::::\   \  \:\ /  /:/ \  \:\/:/__\/ \  \:\~~\~~\/
  \  \::/ /:/      \__\::/    ~\~~\:\   \  \:\  /:/   \  \::/       \  \:\  ~~~
   \__\/ /:/       /__/:/       \  \:\   \  \:\/:/     \  \:\        \  \:\
     /__/:/        \__\/         \__\/    \  \::/       \  \:\        \  \:\
     \__\/                                 \__\/         \__\/         \__\/
I 2021/12/24 09:41:40 runtime.go:57: kernel is booting:
    * ver [1.5.4]
    * arch [amd64]
    * runtime mode [prod]
    * working directory [C:\Program Files\SiYuan\resources]
    * read only [false]
    * container [std]
    * database [ver=20211124]
    * workspace directory [F:\Josh_Markdown, data 31 MB]
    * rsync [version 3.2.4dev  protocol version 31]
    * pandoc [pandoc.exe 2.13]
I 2021/12/24 09:41:40 conf.go:257: local serve path [http://192.168.56.1:6806]
I 2021/12/24 09:41:40 serve.go:68: kernel is booting [http://127.0.0.1:6806]
I 2021/12/24 09:41:40 conf.go:507: pre-init database size [1.3 MB]
I 2021/12/24 09:41:40 index.go:136: use existing database for box [20211217161537-movp6tu]
I 2021/12/24 09:41:40 index.go:136: use existing database for box [20211222145355-of875iy]
I 2021/12/24 09:41:40 index.go:136: use existing database for box [20211218225346-xp0ksoo]
I 2021/12/24 09:41:40 index.go:136: use existing database for box [20211218230747-88wsl35]
I 2021/12/24 09:41:40 conf.go:523: post-init database size [1.3 MB], tree stat [count=60, size=968 kB]
I 2021/12/24 09:41:41 working.go:113: kernel booted
E 2021/12/24 17:44:31 block_query.go:491: query scan field failed: sql: Rows are closed
I 2021/12/24 17:50:24 conf.go:359: exited kernel
